<?xml version="1.0" encoding="UTF-8"?>
<!-- Generated by org.testng.reporters.JUnitReportReporter -->
<testsuite skipped="0" hostname="Ns-MacBook-Pro.local" name="com.qa.Hubspot.tests.HomePageTest" tests="3" failures="0" timestamp="28 Feb 2019 20:11:20 GMT" time="28.236" errors="0">
  <testcase name="verifyHomePageTitleTest" time="6.601" classname="com.qa.Hubspot.tests.HomePageTest"/>
  <testcase name="verifyHeaderTest" time="8.748" classname="com.qa.Hubspot.tests.HomePageTest"/>
  <testcase name="verifyContactsTest" time="12.887" classname="com.qa.Hubspot.tests.HomePageTest"/>
</testsuite> <!-- com.qa.Hubspot.tests.HomePageTest -->
