<?xml version="1.0" encoding="UTF-8"?>
<!-- Generated by org.testng.reporters.JUnitReportReporter -->
<testsuite skipped="0" hostname="Ns-MacBook-Pro.local" name="com.qa.Hubspot.tests.LoginTest" tests="3" failures="0" timestamp="28 Feb 2019 20:11:20 GMT" time="0.720" errors="0">
  <testcase name="getLoginPageTitleTest" time="0.024" classname="com.qa.Hubspot.tests.LoginTest"/>
  <testcase name="VerifySignUpLinkTest" time="0.061" classname="com.qa.Hubspot.tests.LoginTest"/>
  <testcase name="verifyLoginTest" time="0.635" classname="com.qa.Hubspot.tests.LoginTest"/>
</testsuite> <!-- com.qa.Hubspot.tests.LoginTest -->
