<?xml version="1.0" encoding="UTF-8"?>
<!-- Generated by org.testng.reporters.JUnitReportReporter -->
<testsuite skipped="0" hostname="Ns-MacBook-Pro.local" name="com.qa.Hubspot.tests.ContactPageTest" tests="7" failures="0" timestamp="26 Feb 2019 22:10:50 GMT" time="139.335" errors="0">
  <testcase name="verifyCreateContactButtonTest" time="21.758" classname="com.qa.Hubspot.tests.ContactPageTest"/>
  <testcase name="verifyCreateContactButtonTest" time="18.906" classname="com.qa.Hubspot.tests.ContactPageTest"/>
  <testcase name="verifyCreateContactButtonTest" time="19.518" classname="com.qa.Hubspot.tests.ContactPageTest"/>
  <testcase name="verifyCreateContactButtonTest" time="19.393" classname="com.qa.Hubspot.tests.ContactPageTest"/>
  <testcase name="verifyCreateContactButtonTest" time="19.095" classname="com.qa.Hubspot.tests.ContactPageTest"/>
  <testcase name="verifyCreateContactButtonTest" time="20.518" classname="com.qa.Hubspot.tests.ContactPageTest"/>
  <testcase name="verifyCreateContactButtonTest" time="20.147" classname="com.qa.Hubspot.tests.ContactPageTest"/>
</testsuite> <!-- com.qa.Hubspot.tests.ContactPageTest -->
